<?xml version="1.0" encoding="UTF-8"?>
<coverage generated="1727807592872" clover="3.2.0">
  <project timestamp="1727807592872" name="All files">
    <metrics statements="7" coveredstatements="7" conditionals="2" coveredconditionals="2" methods="3" coveredmethods="3" elements="12" coveredelements="12" complexity="0" loc="7" ncloc="7" packages="1" files="3" classes="3"/>
    <file name="errorInput.js" path="/Users/digital/Documents/IRONHACK/MODULO 3/202401001/testVoyVengo/errorInput.js">
      <metrics statements="3" coveredstatements="3" conditionals="2" coveredconditionals="2" methods="1" coveredmethods="1"/>
      <line num="4" count="2" type="cond" truecount="2" falsecount="0"/>
      <line num="5" count="1" type="stmt"/>
      <line num="9" count="1" type="stmt"/>
    </file>
    <file name="resta.js" path="/Users/digital/Documents/IRONHACK/MODULO 3/202401001/testVoyVengo/resta.js">
      <metrics statements="2" coveredstatements="2" conditionals="0" coveredconditionals="0" methods="1" coveredmethods="1"/>
      <line num="3" count="2" type="stmt"/>
      <line num="5" count="1" type="stmt"/>
    </file>
    <file name="sum.js" path="/Users/digital/Documents/IRONHACK/MODULO 3/202401001/testVoyVengo/sum.js">
      <metrics statements="2" coveredstatements="2" conditionals="0" coveredconditionals="0" methods="1" coveredmethods="1"/>
      <line num="9" count="2" type="stmt"/>
      <line num="11" count="1" type="stmt"/>
    </file>
  </project>
</coverage>
