{"/Users/digital/Documents/IRONHACK/MODULO 3/202401001/testVoyVengo/errorInput.js": {"path":"/Users/digital/Documents/IRONHACK/MODULO 3/202401001/testVoyVengo/errorInput.js","statementMap":{"0":{"start":{"line":4,"column":4},"end":{"line":6,"column":5}},"1":{"start":{"line":5,"column":8},"end":{"line":5,"column":62}},"2":{"start":{"line":9,"column":0},"end":{"line":9,"column":31}}},"fnMap":{"0":{"name":"probandoInput","decl":{"start":{"line":3,"column":9},"end":{"line":3,"column":22}},"loc":{"start":{"line":3,"column":33},"end":{"line":7,"column":1}},"line":3}},"branchMap":{"0":{"loc":{"start":{"line":4,"column":4},"end":{"line":6,"column":5}},"type":"if","locations":[{"start":{"line":4,"column":4},"end":{"line":6,"column":5}},{"start":{},"end":{}}],"line":4}},"s":{"0":2,"1":1,"2":1},"f":{"0":2},"b":{"0":[1,1]},"_coverageSchema":"1a1c01bbd47fc00a2c39e90264f33305004495a9","hash":"55647ca0fbbddbe7d7fc7149dc1dbc5e7ddcb5da"}
,"/Users/digital/Documents/IRONHACK/MODULO 3/202401001/testVoyVengo/resta.js": {"path":"/Users/digital/Documents/IRONHACK/MODULO 3/202401001/testVoyVengo/resta.js","statementMap":{"0":{"start":{"line":3,"column":4},"end":{"line":3,"column":17}},"1":{"start":{"line":5,"column":2},"end":{"line":5,"column":24}}},"fnMap":{"0":{"name":"rest","decl":{"start":{"line":2,"column":9},"end":{"line":2,"column":13}},"loc":{"start":{"line":2,"column":20},"end":{"line":4,"column":3}},"line":2}},"branchMap":{},"s":{"0":2,"1":1},"f":{"0":2},"b":{},"_coverageSchema":"1a1c01bbd47fc00a2c39e90264f33305004495a9","hash":"08751e91779cbcf599d1ee67e45746e529f2377c"}
,"/Users/digital/Documents/IRONHACK/MODULO 3/202401001/testVoyVengo/sum.js": {"path":"/Users/digital/Documents/IRONHACK/MODULO 3/202401001/testVoyVengo/sum.js","statementMap":{"0":{"start":{"line":9,"column":4},"end":{"line":9,"column":17}},"1":{"start":{"line":11,"column":2},"end":{"line":11,"column":23}}},"fnMap":{"0":{"name":"sum","decl":{"start":{"line":8,"column":9},"end":{"line":8,"column":12}},"loc":{"start":{"line":8,"column":19},"end":{"line":10,"column":3}},"line":8}},"branchMap":{},"s":{"0":2,"1":1},"f":{"0":2},"b":{},"_coverageSchema":"1a1c01bbd47fc00a2c39e90264f33305004495a9","hash":"a5db3220419f8e2165b41707e451d1e50aea5119"}
}
